C:\USERS\FAKELOVE\OPENFRAMEWORKS\WIN64\OPENFRAMEWORKS\ADDONS\OFXKINECTV2\EXAMPLE-SIMPLE\OBJ\DEBUG\OFXKINECTCOMMONBRIDGE.OBJ
C:\USERS\FAKELOVE\OPENFRAMEWORKS\WIN64\OPENFRAMEWORKS\ADDONS\OFXKINECTV2\EXAMPLE-SIMPLE\OBJ\DEBUG\TESTAPP.OBJ
C:\USERS\FAKELOVE\OPENFRAMEWORKS\WIN64\OPENFRAMEWORKS\ADDONS\OFXKINECTV2\EXAMPLE-SIMPLE\OBJ\DEBUG\MAIN.OBJ
C:\USERS\FAKELOVE\OPENFRAMEWORKS\WIN64\OPENFRAMEWORKS\ADDONS\OFXKINECTV2\EXAMPLE-SIMPLE\OBJ\DEBUG\OFXBASEGUI.OBJ
C:\USERS\FAKELOVE\OPENFRAMEWORKS\WIN64\OPENFRAMEWORKS\ADDONS\OFXKINECTV2\EXAMPLE-SIMPLE\OBJ\DEBUG\OFXGUIGROUP.OBJ
C:\USERS\FAKELOVE\OPENFRAMEWORKS\WIN64\OPENFRAMEWORKS\ADDONS\OFXKINECTV2\EXAMPLE-SIMPLE\OBJ\DEBUG\OFXOSCSENDER.OBJ
C:\USERS\FAKELOVE\OPENFRAMEWORKS\WIN64\OPENFRAMEWORKS\ADDONS\OFXKINECTV2\EXAMPLE-SIMPLE\OBJ\DEBUG\OFXTOGGLE.OBJ
C:\USERS\FAKELOVE\OPENFRAMEWORKS\WIN64\OPENFRAMEWORKS\ADDONS\OFXKINECTV2\EXAMPLE-SIMPLE\OBJ\DEBUG\IPENDPOINTNAME.OBJ
C:\USERS\FAKELOVE\OPENFRAMEWORKS\WIN64\OPENFRAMEWORKS\ADDONS\OFXKINECTV2\EXAMPLE-SIMPLE\OBJ\DEBUG\OSCOUTBOUNDPACKETSTREAM.OBJ
C:\USERS\FAKELOVE\OPENFRAMEWORKS\WIN64\OPENFRAMEWORKS\ADDONS\OFXKINECTV2\EXAMPLE-SIMPLE\OBJ\DEBUG\OSCPRINTRECEIVEDELEMENTS.OBJ
C:\USERS\FAKELOVE\OPENFRAMEWORKS\WIN64\OPENFRAMEWORKS\ADDONS\OFXKINECTV2\EXAMPLE-SIMPLE\OBJ\DEBUG\OFXOSCRECEIVER.OBJ
C:\USERS\FAKELOVE\OPENFRAMEWORKS\WIN64\OPENFRAMEWORKS\ADDONS\OFXKINECTV2\EXAMPLE-SIMPLE\OBJ\DEBUG\OFXBUTTON.OBJ
C:\USERS\FAKELOVE\OPENFRAMEWORKS\WIN64\OPENFRAMEWORKS\ADDONS\OFXKINECTV2\EXAMPLE-SIMPLE\OBJ\DEBUG\NETWORKINGUTILS.OBJ
C:\USERS\FAKELOVE\OPENFRAMEWORKS\WIN64\OPENFRAMEWORKS\ADDONS\OFXKINECTV2\EXAMPLE-SIMPLE\OBJ\DEBUG\NETWORKINGUTILSWIN.OBJ
C:\USERS\FAKELOVE\OPENFRAMEWORKS\WIN64\OPENFRAMEWORKS\ADDONS\OFXKINECTV2\EXAMPLE-SIMPLE\OBJ\DEBUG\OFXOSCMESSAGE.OBJ
C:\USERS\FAKELOVE\OPENFRAMEWORKS\WIN64\OPENFRAMEWORKS\ADDONS\OFXKINECTV2\EXAMPLE-SIMPLE\OBJ\DEBUG\OFXSLIDER.OBJ
C:\USERS\FAKELOVE\OPENFRAMEWORKS\WIN64\OPENFRAMEWORKS\ADDONS\OFXKINECTV2\EXAMPLE-SIMPLE\OBJ\DEBUG\OFXOSCPARAMETERSYNC.OBJ
C:\USERS\FAKELOVE\OPENFRAMEWORKS\WIN64\OPENFRAMEWORKS\ADDONS\OFXKINECTV2\EXAMPLE-SIMPLE\OBJ\DEBUG\OFXSLIDERGROUP.OBJ
C:\USERS\FAKELOVE\OPENFRAMEWORKS\WIN64\OPENFRAMEWORKS\ADDONS\OFXKINECTV2\EXAMPLE-SIMPLE\OBJ\DEBUG\OFXLABEL.OBJ
C:\USERS\FAKELOVE\OPENFRAMEWORKS\WIN64\OPENFRAMEWORKS\ADDONS\OFXKINECTV2\EXAMPLE-SIMPLE\OBJ\DEBUG\UDPSOCKET.OBJ
C:\USERS\FAKELOVE\OPENFRAMEWORKS\WIN64\OPENFRAMEWORKS\ADDONS\OFXKINECTV2\EXAMPLE-SIMPLE\OBJ\DEBUG\UDPSOCKETWIN.OBJ
C:\USERS\FAKELOVE\OPENFRAMEWORKS\WIN64\OPENFRAMEWORKS\ADDONS\OFXKINECTV2\EXAMPLE-SIMPLE\OBJ\DEBUG\OFXPANEL.OBJ
C:\USERS\FAKELOVE\OPENFRAMEWORKS\WIN64\OPENFRAMEWORKS\ADDONS\OFXKINECTV2\EXAMPLE-SIMPLE\OBJ\DEBUG\OSCRECEIVEDELEMENTS.OBJ
C:\USERS\FAKELOVE\OPENFRAMEWORKS\WIN64\OPENFRAMEWORKS\ADDONS\OFXKINECTV2\EXAMPLE-SIMPLE\OBJ\DEBUG\OSCTYPES.OBJ
C:\USERS\FAKELOVE\OPENFRAMEWORKS\WIN64\OPENFRAMEWORKS\ADDONS\OFXKINECTV2\EXAMPLE-SIMPLE\OBJ\DEBUG\OFXOSCBUNDLE.OBJ
C:\USERS\FAKELOVE\OPENFRAMEWORKS\WIN64\OPENFRAMEWORKS\ADDONS\OFXKINECTV2\EXAMPLE-SIMPLE\OBJ\DEBUG\VC110.PDB
C:\USERS\FAKELOVE\OPENFRAMEWORKS\WIN64\OPENFRAMEWORKS\ADDONS\OFXKINECTV2\EXAMPLE-SIMPLE - JG\OBJ\DEBUG\TESTAPP.OBJ
C:\USERS\FAKELOVE\OPENFRAMEWORKS\WIN64\OPENFRAMEWORKS\ADDONS\OFXKINECTV2\EXAMPLE-SIMPLE - JG\OBJ\DEBUG\OFXOSCSENDER.OBJ
C:\USERS\FAKELOVE\OPENFRAMEWORKS\WIN64\OPENFRAMEWORKS\ADDONS\OFXKINECTV2\EXAMPLE-SIMPLE - JG\OBJ\DEBUG\KINECT2OSC.OBJ
C:\USERS\FAKELOVE\OPENFRAMEWORKS\WIN64\OPENFRAMEWORKS\ADDONS\OFXKINECTV2\EXAMPLE-SIMPLE - JG\OBJ\DEBUG\MAIN.OBJ
C:\USERS\FAKELOVE\OPENFRAMEWORKS\WIN64\OPENFRAMEWORKS\ADDONS\OFXKINECTV2\EXAMPLE-SIMPLE - JG\OBJ\DEBUG\VC110.PDB
C:\Users\fakelove\openFrameworks\win64\openFrameworks\addons\ofxKinectV2\example-Simple\bin\example-Simple_debug.lib
C:\Users\fakelove\openFrameworks\win64\openFrameworks\addons\ofxKinectV2\example-Simple\bin\example-Simple_debug.exp
C:\Users\fakelove\openFrameworks\win64\openFrameworks\addons\ofxKinectV2\example-Simple - jg\bin\example-Simple_debug.lib
C:\Users\fakelove\openFrameworks\win64\openFrameworks\addons\ofxKinectV2\example-Simple - jg\bin\example-Simple_debug.exp
C:\USERS\FAKELOVE\OPENFRAMEWORKS\WIN64\OPENFRAMEWORKS\ADDONS\OFXKINECTV2\EXAMPLE-SIMPLE\BIN\EXAMPLE-SIMPLE_DEBUG.ILK
C:\USERS\FAKELOVE\OPENFRAMEWORKS\WIN64\OPENFRAMEWORKS\ADDONS\OFXKINECTV2\EXAMPLE-SIMPLE\BIN\EXAMPLE-SIMPLE_DEBUG.EXE
C:\USERS\FAKELOVE\OPENFRAMEWORKS\WIN64\OPENFRAMEWORKS\ADDONS\OFXKINECTV2\EXAMPLE-SIMPLE\BIN\EXAMPLE-SIMPLE_DEBUG.PDB
C:\USERS\FAKELOVE\OPENFRAMEWORKS\WIN64\OPENFRAMEWORKS\ADDONS\OFXKINECTV2\EXAMPLE-SIMPLE - JG\BIN\EXAMPLE-SIMPLE_DEBUG.ILK
C:\USERS\FAKELOVE\OPENFRAMEWORKS\WIN64\OPENFRAMEWORKS\ADDONS\OFXKINECTV2\EXAMPLE-SIMPLE - JG\BIN\EXAMPLE-SIMPLE_DEBUG.EXE
C:\USERS\FAKELOVE\OPENFRAMEWORKS\WIN64\OPENFRAMEWORKS\ADDONS\OFXKINECTV2\EXAMPLE-SIMPLE - JG\BIN\EXAMPLE-SIMPLE_DEBUG.PDB
C:\USERS\FAKELOVE\OPENFRAMEWORKS\WIN64\OPENFRAMEWORKS\ADDONS\OFXKINECTV2\EXAMPLE-SIMPLE\OBJ\DEBUG\ICON.RES
C:\USERS\FAKELOVE\OPENFRAMEWORKS\WIN64\OPENFRAMEWORKS\ADDONS\OFXKINECTV2\EXAMPLE-SIMPLE - JG\OBJ\DEBUG\ICON.RES
C:\Users\fakelove\openFrameworks\win64\openFrameworks\addons\ofxKinectV2\example-Simple - jg\obj\Debug\example-Simple.vcxprojResolveAssemblyReference.cache
C:\Users\fakelove\openFrameworks\win64\openFrameworks\addons\ofxKinectV2\example-Simple - jg\obj\Debug\IpEndpointName.obj
C:\Users\fakelove\openFrameworks\win64\openFrameworks\addons\ofxKinectV2\example-Simple - jg\obj\Debug\kinect2Osc.obj
C:\Users\fakelove\openFrameworks\win64\openFrameworks\addons\ofxKinectV2\example-Simple - jg\obj\Debug\main.obj
C:\Users\fakelove\openFrameworks\win64\openFrameworks\addons\ofxKinectV2\example-Simple - jg\obj\Debug\NetworkingUtils.obj
C:\Users\fakelove\openFrameworks\win64\openFrameworks\addons\ofxKinectV2\example-Simple - jg\obj\Debug\NetworkingUtilsWin.obj
C:\Users\fakelove\openFrameworks\win64\openFrameworks\addons\ofxKinectV2\example-Simple - jg\obj\Debug\ofxBaseGui.obj
C:\Users\fakelove\openFrameworks\win64\openFrameworks\addons\ofxKinectV2\example-Simple - jg\obj\Debug\ofxButton.obj
C:\Users\fakelove\openFrameworks\win64\openFrameworks\addons\ofxKinectV2\example-Simple - jg\obj\Debug\ofxGuiGroup.obj
C:\Users\fakelove\openFrameworks\win64\openFrameworks\addons\ofxKinectV2\example-Simple - jg\obj\Debug\ofxKinectCommonBridge.obj
C:\Users\fakelove\openFrameworks\win64\openFrameworks\addons\ofxKinectV2\example-Simple - jg\obj\Debug\ofxLabel.obj
C:\Users\fakelove\openFrameworks\win64\openFrameworks\addons\ofxKinectV2\example-Simple - jg\obj\Debug\ofxOscBundle.obj
C:\Users\fakelove\openFrameworks\win64\openFrameworks\addons\ofxKinectV2\example-Simple - jg\obj\Debug\ofxOscMessage.obj
C:\Users\fakelove\openFrameworks\win64\openFrameworks\addons\ofxKinectV2\example-Simple - jg\obj\Debug\ofxOscParameterSync.obj
C:\Users\fakelove\openFrameworks\win64\openFrameworks\addons\ofxKinectV2\example-Simple - jg\obj\Debug\ofxOscReceiver.obj
C:\Users\fakelove\openFrameworks\win64\openFrameworks\addons\ofxKinectV2\example-Simple - jg\obj\Debug\ofxOscSender.obj
C:\Users\fakelove\openFrameworks\win64\openFrameworks\addons\ofxKinectV2\example-Simple - jg\obj\Debug\ofxPanel.obj
C:\Users\fakelove\openFrameworks\win64\openFrameworks\addons\ofxKinectV2\example-Simple - jg\obj\Debug\ofxSlider.obj
C:\Users\fakelove\openFrameworks\win64\openFrameworks\addons\ofxKinectV2\example-Simple - jg\obj\Debug\ofxSliderGroup.obj
C:\Users\fakelove\openFrameworks\win64\openFrameworks\addons\ofxKinectV2\example-Simple - jg\obj\Debug\ofxToggle.obj
C:\Users\fakelove\openFrameworks\win64\openFrameworks\addons\ofxKinectV2\example-Simple - jg\obj\Debug\OscOutboundPacketStream.obj
C:\Users\fakelove\openFrameworks\win64\openFrameworks\addons\ofxKinectV2\example-Simple - jg\obj\Debug\OscPrintReceivedElements.obj
C:\Users\fakelove\openFrameworks\win64\openFrameworks\addons\ofxKinectV2\example-Simple - jg\obj\Debug\OscReceivedElements.obj
C:\Users\fakelove\openFrameworks\win64\openFrameworks\addons\ofxKinectV2\example-Simple - jg\obj\Debug\OscTypes.obj
C:\Users\fakelove\openFrameworks\win64\openFrameworks\addons\ofxKinectV2\example-Simple - jg\obj\Debug\testApp.obj
C:\Users\fakelove\openFrameworks\win64\openFrameworks\addons\ofxKinectV2\example-Simple - jg\obj\Debug\UdpSocket.obj
C:\Users\fakelove\openFrameworks\win64\openFrameworks\addons\ofxKinectV2\example-Simple - jg\obj\Debug\UdpSocketWin.obj
C:\Users\fakelove\openFrameworks\win64\openFrameworks\addons\ofxKinectV2\example-Simple - jg\obj\Debug\CL.1072.read.1.tlog
C:\Users\fakelove\openFrameworks\win64\openFrameworks\addons\ofxKinectV2\example-Simple - jg\obj\Debug\CL.1072.write.1.tlog
C:\Users\fakelove\openFrameworks\win64\openFrameworks\addons\ofxKinectV2\example-Simple - jg\obj\Debug\CL.1076.read.1.tlog
C:\Users\fakelove\openFrameworks\win64\openFrameworks\addons\ofxKinectV2\example-Simple - jg\obj\Debug\CL.1076.write.1.tlog
C:\Users\fakelove\openFrameworks\win64\openFrameworks\addons\ofxKinectV2\example-Simple - jg\obj\Debug\CL.1104.read.1.tlog
C:\Users\fakelove\openFrameworks\win64\openFrameworks\addons\ofxKinectV2\example-Simple - jg\obj\Debug\CL.1104.write.1.tlog
C:\Users\fakelove\openFrameworks\win64\openFrameworks\addons\ofxKinectV2\example-Simple - jg\obj\Debug\CL.1172.read.1.tlog
C:\Users\fakelove\openFrameworks\win64\openFrameworks\addons\ofxKinectV2\example-Simple - jg\obj\Debug\CL.1172.write.1.tlog
C:\Users\fakelove\openFrameworks\win64\openFrameworks\addons\ofxKinectV2\example-Simple - jg\obj\Debug\CL.1188.read.1.tlog
C:\Users\fakelove\openFrameworks\win64\openFrameworks\addons\ofxKinectV2\example-Simple - jg\obj\Debug\CL.1188.write.1.tlog
C:\Users\fakelove\openFrameworks\win64\openFrameworks\addons\ofxKinectV2\example-Simple - jg\obj\Debug\CL.1200.read.1.tlog
C:\Users\fakelove\openFrameworks\win64\openFrameworks\addons\ofxKinectV2\example-Simple - jg\obj\Debug\CL.1200.write.1.tlog
C:\Users\fakelove\openFrameworks\win64\openFrameworks\addons\ofxKinectV2\example-Simple - jg\obj\Debug\CL.1444.read.1.tlog
C:\Users\fakelove\openFrameworks\win64\openFrameworks\addons\ofxKinectV2\example-Simple - jg\obj\Debug\CL.1444.write.1.tlog
C:\Users\fakelove\openFrameworks\win64\openFrameworks\addons\ofxKinectV2\example-Simple - jg\obj\Debug\CL.1476.read.1.tlog
C:\Users\fakelove\openFrameworks\win64\openFrameworks\addons\ofxKinectV2\example-Simple - jg\obj\Debug\CL.1476.write.1.tlog
C:\Users\fakelove\openFrameworks\win64\openFrameworks\addons\ofxKinectV2\example-Simple - jg\obj\Debug\CL.1584.read.1.tlog
C:\Users\fakelove\openFrameworks\win64\openFrameworks\addons\ofxKinectV2\example-Simple - jg\obj\Debug\CL.1584.write.1.tlog
C:\Users\fakelove\openFrameworks\win64\openFrameworks\addons\ofxKinectV2\example-Simple - jg\obj\Debug\CL.1644.read.1.tlog
C:\Users\fakelove\openFrameworks\win64\openFrameworks\addons\ofxKinectV2\example-Simple - jg\obj\Debug\CL.1644.write.1.tlog
C:\Users\fakelove\openFrameworks\win64\openFrameworks\addons\ofxKinectV2\example-Simple - jg\obj\Debug\CL.180.read.1.tlog
C:\Users\fakelove\openFrameworks\win64\openFrameworks\addons\ofxKinectV2\example-Simple - jg\obj\Debug\CL.180.write.1.tlog
C:\Users\fakelove\openFrameworks\win64\openFrameworks\addons\ofxKinectV2\example-Simple - jg\obj\Debug\CL.1956.read.1.tlog
C:\Users\fakelove\openFrameworks\win64\openFrameworks\addons\ofxKinectV2\example-Simple - jg\obj\Debug\CL.1956.write.1.tlog
C:\Users\fakelove\openFrameworks\win64\openFrameworks\addons\ofxKinectV2\example-Simple - jg\obj\Debug\CL.1972.read.1.tlog
C:\Users\fakelove\openFrameworks\win64\openFrameworks\addons\ofxKinectV2\example-Simple - jg\obj\Debug\CL.1972.write.1.tlog
C:\Users\fakelove\openFrameworks\win64\openFrameworks\addons\ofxKinectV2\example-Simple - jg\obj\Debug\CL.1980.read.1.tlog
C:\Users\fakelove\openFrameworks\win64\openFrameworks\addons\ofxKinectV2\example-Simple - jg\obj\Debug\CL.1980.write.1.tlog
C:\Users\fakelove\openFrameworks\win64\openFrameworks\addons\ofxKinectV2\example-Simple - jg\obj\Debug\CL.2056.read.1.tlog
C:\Users\fakelove\openFrameworks\win64\openFrameworks\addons\ofxKinectV2\example-Simple - jg\obj\Debug\CL.2056.write.1.tlog
C:\Users\fakelove\openFrameworks\win64\openFrameworks\addons\ofxKinectV2\example-Simple - jg\obj\Debug\CL.2084.read.1.tlog
C:\Users\fakelove\openFrameworks\win64\openFrameworks\addons\ofxKinectV2\example-Simple - jg\obj\Debug\CL.2084.write.1.tlog
C:\Users\fakelove\openFrameworks\win64\openFrameworks\addons\ofxKinectV2\example-Simple - jg\obj\Debug\CL.2112.read.1.tlog
C:\Users\fakelove\openFrameworks\win64\openFrameworks\addons\ofxKinectV2\example-Simple - jg\obj\Debug\CL.2112.write.1.tlog
C:\Users\fakelove\openFrameworks\win64\openFrameworks\addons\ofxKinectV2\example-Simple - jg\obj\Debug\CL.220.read.1.tlog
C:\Users\fakelove\openFrameworks\win64\openFrameworks\addons\ofxKinectV2\example-Simple - jg\obj\Debug\CL.220.write.1.tlog
C:\Users\fakelove\openFrameworks\win64\openFrameworks\addons\ofxKinectV2\example-Simple - jg\obj\Debug\CL.2336.read.1.tlog
C:\Users\fakelove\openFrameworks\win64\openFrameworks\addons\ofxKinectV2\example-Simple - jg\obj\Debug\CL.2336.write.1.tlog
C:\Users\fakelove\openFrameworks\win64\openFrameworks\addons\ofxKinectV2\example-Simple - jg\obj\Debug\CL.2360.read.1.tlog
C:\Users\fakelove\openFrameworks\win64\openFrameworks\addons\ofxKinectV2\example-Simple - jg\obj\Debug\CL.2360.write.1.tlog
C:\Users\fakelove\openFrameworks\win64\openFrameworks\addons\ofxKinectV2\example-Simple - jg\obj\Debug\CL.2368.read.1.tlog
C:\Users\fakelove\openFrameworks\win64\openFrameworks\addons\ofxKinectV2\example-Simple - jg\obj\Debug\CL.2368.write.1.tlog
C:\Users\fakelove\openFrameworks\win64\openFrameworks\addons\ofxKinectV2\example-Simple - jg\obj\Debug\CL.2384.read.1.tlog
C:\Users\fakelove\openFrameworks\win64\openFrameworks\addons\ofxKinectV2\example-Simple - jg\obj\Debug\CL.2384.write.1.tlog
C:\Users\fakelove\openFrameworks\win64\openFrameworks\addons\ofxKinectV2\example-Simple - jg\obj\Debug\CL.2404.read.1.tlog
C:\Users\fakelove\openFrameworks\win64\openFrameworks\addons\ofxKinectV2\example-Simple - jg\obj\Debug\CL.2404.write.1.tlog
C:\Users\fakelove\openFrameworks\win64\openFrameworks\addons\ofxKinectV2\example-Simple - jg\obj\Debug\CL.2416.read.1.tlog
C:\Users\fakelove\openFrameworks\win64\openFrameworks\addons\ofxKinectV2\example-Simple - jg\obj\Debug\CL.2416.write.1.tlog
C:\Users\fakelove\openFrameworks\win64\openFrameworks\addons\ofxKinectV2\example-Simple - jg\obj\Debug\CL.2420.read.1.tlog
C:\Users\fakelove\openFrameworks\win64\openFrameworks\addons\ofxKinectV2\example-Simple - jg\obj\Debug\CL.2420.write.1.tlog
C:\Users\fakelove\openFrameworks\win64\openFrameworks\addons\ofxKinectV2\example-Simple - jg\obj\Debug\CL.2484.read.1.tlog
C:\Users\fakelove\openFrameworks\win64\openFrameworks\addons\ofxKinectV2\example-Simple - jg\obj\Debug\CL.2484.write.1.tlog
C:\Users\fakelove\openFrameworks\win64\openFrameworks\addons\ofxKinectV2\example-Simple - jg\obj\Debug\CL.2520.read.1.tlog
C:\Users\fakelove\openFrameworks\win64\openFrameworks\addons\ofxKinectV2\example-Simple - jg\obj\Debug\CL.2520.write.1.tlog
C:\Users\fakelove\openFrameworks\win64\openFrameworks\addons\ofxKinectV2\example-Simple - jg\obj\Debug\CL.2640.read.1.tlog
C:\Users\fakelove\openFrameworks\win64\openFrameworks\addons\ofxKinectV2\example-Simple - jg\obj\Debug\CL.2640.write.1.tlog
C:\Users\fakelove\openFrameworks\win64\openFrameworks\addons\ofxKinectV2\example-Simple - jg\obj\Debug\CL.2684.read.1.tlog
C:\Users\fakelove\openFrameworks\win64\openFrameworks\addons\ofxKinectV2\example-Simple - jg\obj\Debug\CL.2684.write.1.tlog
C:\Users\fakelove\openFrameworks\win64\openFrameworks\addons\ofxKinectV2\example-Simple - jg\obj\Debug\CL.2744.read.1.tlog
C:\Users\fakelove\openFrameworks\win64\openFrameworks\addons\ofxKinectV2\example-Simple - jg\obj\Debug\CL.2744.write.1.tlog
C:\Users\fakelove\openFrameworks\win64\openFrameworks\addons\ofxKinectV2\example-Simple - jg\obj\Debug\CL.2836.read.1.tlog
C:\Users\fakelove\openFrameworks\win64\openFrameworks\addons\ofxKinectV2\example-Simple - jg\obj\Debug\CL.2836.write.1.tlog
C:\Users\fakelove\openFrameworks\win64\openFrameworks\addons\ofxKinectV2\example-Simple - jg\obj\Debug\CL.2844.read.1.tlog
C:\Users\fakelove\openFrameworks\win64\openFrameworks\addons\ofxKinectV2\example-Simple - jg\obj\Debug\CL.2844.write.1.tlog
C:\Users\fakelove\openFrameworks\win64\openFrameworks\addons\ofxKinectV2\example-Simple - jg\obj\Debug\CL.2856.read.1.tlog
C:\Users\fakelove\openFrameworks\win64\openFrameworks\addons\ofxKinectV2\example-Simple - jg\obj\Debug\CL.2856.write.1.tlog
C:\Users\fakelove\openFrameworks\win64\openFrameworks\addons\ofxKinectV2\example-Simple - jg\obj\Debug\CL.2876.read.1.tlog
C:\Users\fakelove\openFrameworks\win64\openFrameworks\addons\ofxKinectV2\example-Simple - jg\obj\Debug\CL.2876.write.1.tlog
C:\Users\fakelove\openFrameworks\win64\openFrameworks\addons\ofxKinectV2\example-Simple - jg\obj\Debug\CL.2904.read.1.tlog
C:\Users\fakelove\openFrameworks\win64\openFrameworks\addons\ofxKinectV2\example-Simple - jg\obj\Debug\CL.2904.write.1.tlog
C:\Users\fakelove\openFrameworks\win64\openFrameworks\addons\ofxKinectV2\example-Simple - jg\obj\Debug\CL.2968.read.1.tlog
C:\Users\fakelove\openFrameworks\win64\openFrameworks\addons\ofxKinectV2\example-Simple - jg\obj\Debug\CL.2968.write.1.tlog
C:\Users\fakelove\openFrameworks\win64\openFrameworks\addons\ofxKinectV2\example-Simple - jg\obj\Debug\CL.3004.read.1.tlog
C:\Users\fakelove\openFrameworks\win64\openFrameworks\addons\ofxKinectV2\example-Simple - jg\obj\Debug\CL.3004.write.1.tlog
C:\Users\fakelove\openFrameworks\win64\openFrameworks\addons\ofxKinectV2\example-Simple - jg\obj\Debug\CL.3012.read.1.tlog
C:\Users\fakelove\openFrameworks\win64\openFrameworks\addons\ofxKinectV2\example-Simple - jg\obj\Debug\CL.3012.write.1.tlog
C:\Users\fakelove\openFrameworks\win64\openFrameworks\addons\ofxKinectV2\example-Simple - jg\obj\Debug\CL.3016.read.1.tlog
C:\Users\fakelove\openFrameworks\win64\openFrameworks\addons\ofxKinectV2\example-Simple - jg\obj\Debug\CL.3016.write.1.tlog
C:\Users\fakelove\openFrameworks\win64\openFrameworks\addons\ofxKinectV2\example-Simple - jg\obj\Debug\CL.3100.read.1.tlog
C:\Users\fakelove\openFrameworks\win64\openFrameworks\addons\ofxKinectV2\example-Simple - jg\obj\Debug\CL.3100.write.1.tlog
C:\Users\fakelove\openFrameworks\win64\openFrameworks\addons\ofxKinectV2\example-Simple - jg\obj\Debug\CL.3176.read.1.tlog
C:\Users\fakelove\openFrameworks\win64\openFrameworks\addons\ofxKinectV2\example-Simple - jg\obj\Debug\CL.3176.write.1.tlog
C:\Users\fakelove\openFrameworks\win64\openFrameworks\addons\ofxKinectV2\example-Simple - jg\obj\Debug\CL.3356.read.1.tlog
C:\Users\fakelove\openFrameworks\win64\openFrameworks\addons\ofxKinectV2\example-Simple - jg\obj\Debug\CL.3356.write.1.tlog
C:\Users\fakelove\openFrameworks\win64\openFrameworks\addons\ofxKinectV2\example-Simple - jg\obj\Debug\CL.3360.read.1.tlog
C:\Users\fakelove\openFrameworks\win64\openFrameworks\addons\ofxKinectV2\example-Simple - jg\obj\Debug\CL.3360.write.1.tlog
C:\Users\fakelove\openFrameworks\win64\openFrameworks\addons\ofxKinectV2\example-Simple - jg\obj\Debug\CL.3368.read.1.tlog
C:\Users\fakelove\openFrameworks\win64\openFrameworks\addons\ofxKinectV2\example-Simple - jg\obj\Debug\CL.3368.write.1.tlog
C:\Users\fakelove\openFrameworks\win64\openFrameworks\addons\ofxKinectV2\example-Simple - jg\obj\Debug\CL.3372.read.1.tlog
C:\Users\fakelove\openFrameworks\win64\openFrameworks\addons\ofxKinectV2\example-Simple - jg\obj\Debug\CL.3372.write.1.tlog
C:\Users\fakelove\openFrameworks\win64\openFrameworks\addons\ofxKinectV2\example-Simple - jg\obj\Debug\CL.3380.read.1.tlog
C:\Users\fakelove\openFrameworks\win64\openFrameworks\addons\ofxKinectV2\example-Simple - jg\obj\Debug\CL.3380.write.1.tlog
C:\Users\fakelove\openFrameworks\win64\openFrameworks\addons\ofxKinectV2\example-Simple - jg\obj\Debug\CL.344.read.1.tlog
C:\Users\fakelove\openFrameworks\win64\openFrameworks\addons\ofxKinectV2\example-Simple - jg\obj\Debug\CL.344.write.1.tlog
C:\Users\fakelove\openFrameworks\win64\openFrameworks\addons\ofxKinectV2\example-Simple - jg\obj\Debug\CL.348.read.1.tlog
C:\Users\fakelove\openFrameworks\win64\openFrameworks\addons\ofxKinectV2\example-Simple - jg\obj\Debug\CL.348.write.1.tlog
C:\Users\fakelove\openFrameworks\win64\openFrameworks\addons\ofxKinectV2\example-Simple - jg\obj\Debug\CL.3492.read.1.tlog
C:\Users\fakelove\openFrameworks\win64\openFrameworks\addons\ofxKinectV2\example-Simple - jg\obj\Debug\CL.3492.write.1.tlog
C:\Users\fakelove\openFrameworks\win64\openFrameworks\addons\ofxKinectV2\example-Simple - jg\obj\Debug\CL.3496.read.1.tlog
C:\Users\fakelove\openFrameworks\win64\openFrameworks\addons\ofxKinectV2\example-Simple - jg\obj\Debug\CL.3496.write.1.tlog
C:\Users\fakelove\openFrameworks\win64\openFrameworks\addons\ofxKinectV2\example-Simple - jg\obj\Debug\CL.3592.read.1.tlog
C:\Users\fakelove\openFrameworks\win64\openFrameworks\addons\ofxKinectV2\example-Simple - jg\obj\Debug\CL.3592.write.1.tlog
C:\Users\fakelove\openFrameworks\win64\openFrameworks\addons\ofxKinectV2\example-Simple - jg\obj\Debug\CL.3644.read.1.tlog
C:\Users\fakelove\openFrameworks\win64\openFrameworks\addons\ofxKinectV2\example-Simple - jg\obj\Debug\CL.3644.write.1.tlog
C:\Users\fakelove\openFrameworks\win64\openFrameworks\addons\ofxKinectV2\example-Simple - jg\obj\Debug\CL.3664.read.1.tlog
C:\Users\fakelove\openFrameworks\win64\openFrameworks\addons\ofxKinectV2\example-Simple - jg\obj\Debug\CL.3664.write.1.tlog
C:\Users\fakelove\openFrameworks\win64\openFrameworks\addons\ofxKinectV2\example-Simple - jg\obj\Debug\CL.3708.read.1.tlog
C:\Users\fakelove\openFrameworks\win64\openFrameworks\addons\ofxKinectV2\example-Simple - jg\obj\Debug\CL.3708.write.1.tlog
C:\Users\fakelove\openFrameworks\win64\openFrameworks\addons\ofxKinectV2\example-Simple - jg\obj\Debug\CL.3716.read.1.tlog
C:\Users\fakelove\openFrameworks\win64\openFrameworks\addons\ofxKinectV2\example-Simple - jg\obj\Debug\CL.3716.write.1.tlog
C:\Users\fakelove\openFrameworks\win64\openFrameworks\addons\ofxKinectV2\example-Simple - jg\obj\Debug\CL.372.read.1.tlog
C:\Users\fakelove\openFrameworks\win64\openFrameworks\addons\ofxKinectV2\example-Simple - jg\obj\Debug\CL.372.write.1.tlog
C:\Users\fakelove\openFrameworks\win64\openFrameworks\addons\ofxKinectV2\example-Simple - jg\obj\Debug\CL.3828.read.1.tlog
C:\Users\fakelove\openFrameworks\win64\openFrameworks\addons\ofxKinectV2\example-Simple - jg\obj\Debug\CL.3828.write.1.tlog
C:\Users\fakelove\openFrameworks\win64\openFrameworks\addons\ofxKinectV2\example-Simple - jg\obj\Debug\CL.3848.read.1.tlog
C:\Users\fakelove\openFrameworks\win64\openFrameworks\addons\ofxKinectV2\example-Simple - jg\obj\Debug\CL.3848.write.1.tlog
C:\Users\fakelove\openFrameworks\win64\openFrameworks\addons\ofxKinectV2\example-Simple - jg\obj\Debug\CL.3996.read.1.tlog
C:\Users\fakelove\openFrameworks\win64\openFrameworks\addons\ofxKinectV2\example-Simple - jg\obj\Debug\CL.3996.write.1.tlog
C:\Users\fakelove\openFrameworks\win64\openFrameworks\addons\ofxKinectV2\example-Simple - jg\obj\Debug\CL.4008.read.1.tlog
C:\Users\fakelove\openFrameworks\win64\openFrameworks\addons\ofxKinectV2\example-Simple - jg\obj\Debug\CL.4008.write.1.tlog
C:\Users\fakelove\openFrameworks\win64\openFrameworks\addons\ofxKinectV2\example-Simple - jg\obj\Debug\CL.4016.read.1.tlog
C:\Users\fakelove\openFrameworks\win64\openFrameworks\addons\ofxKinectV2\example-Simple - jg\obj\Debug\CL.4016.write.1.tlog
C:\Users\fakelove\openFrameworks\win64\openFrameworks\addons\ofxKinectV2\example-Simple - jg\obj\Debug\CL.4068.read.1.tlog
C:\Users\fakelove\openFrameworks\win64\openFrameworks\addons\ofxKinectV2\example-Simple - jg\obj\Debug\CL.4068.write.1.tlog
C:\Users\fakelove\openFrameworks\win64\openFrameworks\addons\ofxKinectV2\example-Simple - jg\obj\Debug\CL.4076.read.1.tlog
C:\Users\fakelove\openFrameworks\win64\openFrameworks\addons\ofxKinectV2\example-Simple - jg\obj\Debug\CL.4076.write.1.tlog
C:\Users\fakelove\openFrameworks\win64\openFrameworks\addons\ofxKinectV2\example-Simple - jg\obj\Debug\CL.4128.read.1.tlog
C:\Users\fakelove\openFrameworks\win64\openFrameworks\addons\ofxKinectV2\example-Simple - jg\obj\Debug\CL.4128.write.1.tlog
C:\Users\fakelove\openFrameworks\win64\openFrameworks\addons\ofxKinectV2\example-Simple - jg\obj\Debug\CL.4168.read.1.tlog
C:\Users\fakelove\openFrameworks\win64\openFrameworks\addons\ofxKinectV2\example-Simple - jg\obj\Debug\CL.4168.write.1.tlog
C:\Users\fakelove\openFrameworks\win64\openFrameworks\addons\ofxKinectV2\example-Simple - jg\obj\Debug\CL.4240.read.1.tlog
C:\Users\fakelove\openFrameworks\win64\openFrameworks\addons\ofxKinectV2\example-Simple - jg\obj\Debug\CL.4240.write.1.tlog
C:\Users\fakelove\openFrameworks\win64\openFrameworks\addons\ofxKinectV2\example-Simple - jg\obj\Debug\CL.4268.read.1.tlog
C:\Users\fakelove\openFrameworks\win64\openFrameworks\addons\ofxKinectV2\example-Simple - jg\obj\Debug\CL.4268.write.1.tlog
C:\Users\fakelove\openFrameworks\win64\openFrameworks\addons\ofxKinectV2\example-Simple - jg\obj\Debug\CL.4300.read.1.tlog
C:\Users\fakelove\openFrameworks\win64\openFrameworks\addons\ofxKinectV2\example-Simple - jg\obj\Debug\CL.4300.write.1.tlog
C:\Users\fakelove\openFrameworks\win64\openFrameworks\addons\ofxKinectV2\example-Simple - jg\obj\Debug\CL.4364.read.1.tlog
C:\Users\fakelove\openFrameworks\win64\openFrameworks\addons\ofxKinectV2\example-Simple - jg\obj\Debug\CL.4364.write.1.tlog
C:\Users\fakelove\openFrameworks\win64\openFrameworks\addons\ofxKinectV2\example-Simple - jg\obj\Debug\CL.4396.read.1.tlog
C:\Users\fakelove\openFrameworks\win64\openFrameworks\addons\ofxKinectV2\example-Simple - jg\obj\Debug\CL.4396.write.1.tlog
C:\Users\fakelove\openFrameworks\win64\openFrameworks\addons\ofxKinectV2\example-Simple - jg\obj\Debug\CL.4404.read.1.tlog
C:\Users\fakelove\openFrameworks\win64\openFrameworks\addons\ofxKinectV2\example-Simple - jg\obj\Debug\CL.4404.write.1.tlog
C:\Users\fakelove\openFrameworks\win64\openFrameworks\addons\ofxKinectV2\example-Simple - jg\obj\Debug\CL.4424.read.1.tlog
C:\Users\fakelove\openFrameworks\win64\openFrameworks\addons\ofxKinectV2\example-Simple - jg\obj\Debug\CL.4424.write.1.tlog
C:\Users\fakelove\openFrameworks\win64\openFrameworks\addons\ofxKinectV2\example-Simple - jg\obj\Debug\CL.4436.read.1.tlog
C:\Users\fakelove\openFrameworks\win64\openFrameworks\addons\ofxKinectV2\example-Simple - jg\obj\Debug\CL.4436.write.1.tlog
C:\Users\fakelove\openFrameworks\win64\openFrameworks\addons\ofxKinectV2\example-Simple - jg\obj\Debug\CL.4440.read.1.tlog
C:\Users\fakelove\openFrameworks\win64\openFrameworks\addons\ofxKinectV2\example-Simple - jg\obj\Debug\CL.4440.write.1.tlog
C:\Users\fakelove\openFrameworks\win64\openFrameworks\addons\ofxKinectV2\example-Simple - jg\obj\Debug\CL.4464.read.1.tlog
C:\Users\fakelove\openFrameworks\win64\openFrameworks\addons\ofxKinectV2\example-Simple - jg\obj\Debug\CL.4464.write.1.tlog
C:\Users\fakelove\openFrameworks\win64\openFrameworks\addons\ofxKinectV2\example-Simple - jg\obj\Debug\CL.4468.read.1.tlog
C:\Users\fakelove\openFrameworks\win64\openFrameworks\addons\ofxKinectV2\example-Simple - jg\obj\Debug\CL.4468.write.1.tlog
C:\Users\fakelove\openFrameworks\win64\openFrameworks\addons\ofxKinectV2\example-Simple - jg\obj\Debug\CL.4484.read.1.tlog
C:\Users\fakelove\openFrameworks\win64\openFrameworks\addons\ofxKinectV2\example-Simple - jg\obj\Debug\CL.4484.write.1.tlog
C:\Users\fakelove\openFrameworks\win64\openFrameworks\addons\ofxKinectV2\example-Simple - jg\obj\Debug\CL.4528.read.1.tlog
C:\Users\fakelove\openFrameworks\win64\openFrameworks\addons\ofxKinectV2\example-Simple - jg\obj\Debug\CL.4528.write.1.tlog
C:\Users\fakelove\openFrameworks\win64\openFrameworks\addons\ofxKinectV2\example-Simple - jg\obj\Debug\CL.4552.read.1.tlog
C:\Users\fakelove\openFrameworks\win64\openFrameworks\addons\ofxKinectV2\example-Simple - jg\obj\Debug\CL.4552.write.1.tlog
C:\Users\fakelove\openFrameworks\win64\openFrameworks\addons\ofxKinectV2\example-Simple - jg\obj\Debug\CL.4580.read.1.tlog
C:\Users\fakelove\openFrameworks\win64\openFrameworks\addons\ofxKinectV2\example-Simple - jg\obj\Debug\CL.4580.write.1.tlog
C:\Users\fakelove\openFrameworks\win64\openFrameworks\addons\ofxKinectV2\example-Simple - jg\obj\Debug\CL.4620.read.1.tlog
C:\Users\fakelove\openFrameworks\win64\openFrameworks\addons\ofxKinectV2\example-Simple - jg\obj\Debug\CL.4620.write.1.tlog
C:\Users\fakelove\openFrameworks\win64\openFrameworks\addons\ofxKinectV2\example-Simple - jg\obj\Debug\CL.4636.read.1.tlog
C:\Users\fakelove\openFrameworks\win64\openFrameworks\addons\ofxKinectV2\example-Simple - jg\obj\Debug\CL.4636.write.1.tlog
C:\Users\fakelove\openFrameworks\win64\openFrameworks\addons\ofxKinectV2\example-Simple - jg\obj\Debug\CL.4660.read.1.tlog
C:\Users\fakelove\openFrameworks\win64\openFrameworks\addons\ofxKinectV2\example-Simple - jg\obj\Debug\CL.4660.write.1.tlog
C:\Users\fakelove\openFrameworks\win64\openFrameworks\addons\ofxKinectV2\example-Simple - jg\obj\Debug\CL.4680.read.1.tlog
C:\Users\fakelove\openFrameworks\win64\openFrameworks\addons\ofxKinectV2\example-Simple - jg\obj\Debug\CL.4680.write.1.tlog
C:\Users\fakelove\openFrameworks\win64\openFrameworks\addons\ofxKinectV2\example-Simple - jg\obj\Debug\CL.4740.read.1.tlog
C:\Users\fakelove\openFrameworks\win64\openFrameworks\addons\ofxKinectV2\example-Simple - jg\obj\Debug\CL.4740.write.1.tlog
C:\Users\fakelove\openFrameworks\win64\openFrameworks\addons\ofxKinectV2\example-Simple - jg\obj\Debug\CL.4796.read.1.tlog
C:\Users\fakelove\openFrameworks\win64\openFrameworks\addons\ofxKinectV2\example-Simple - jg\obj\Debug\CL.4796.write.1.tlog
C:\Users\fakelove\openFrameworks\win64\openFrameworks\addons\ofxKinectV2\example-Simple - jg\obj\Debug\CL.4808.read.1.tlog
C:\Users\fakelove\openFrameworks\win64\openFrameworks\addons\ofxKinectV2\example-Simple - jg\obj\Debug\CL.4808.write.1.tlog
C:\Users\fakelove\openFrameworks\win64\openFrameworks\addons\ofxKinectV2\example-Simple - jg\obj\Debug\CL.4812.read.1.tlog
C:\Users\fakelove\openFrameworks\win64\openFrameworks\addons\ofxKinectV2\example-Simple - jg\obj\Debug\CL.4812.write.1.tlog
C:\Users\fakelove\openFrameworks\win64\openFrameworks\addons\ofxKinectV2\example-Simple - jg\obj\Debug\CL.4820.read.1.tlog
C:\Users\fakelove\openFrameworks\win64\openFrameworks\addons\ofxKinectV2\example-Simple - jg\obj\Debug\CL.4820.write.1.tlog
C:\Users\fakelove\openFrameworks\win64\openFrameworks\addons\ofxKinectV2\example-Simple - jg\obj\Debug\CL.4836.read.1.tlog
C:\Users\fakelove\openFrameworks\win64\openFrameworks\addons\ofxKinectV2\example-Simple - jg\obj\Debug\CL.4836.write.1.tlog
C:\Users\fakelove\openFrameworks\win64\openFrameworks\addons\ofxKinectV2\example-Simple - jg\obj\Debug\CL.4848.read.1.tlog
C:\Users\fakelove\openFrameworks\win64\openFrameworks\addons\ofxKinectV2\example-Simple - jg\obj\Debug\CL.4848.write.1.tlog
C:\Users\fakelove\openFrameworks\win64\openFrameworks\addons\ofxKinectV2\example-Simple - jg\obj\Debug\CL.4864.read.1.tlog
C:\Users\fakelove\openFrameworks\win64\openFrameworks\addons\ofxKinectV2\example-Simple - jg\obj\Debug\CL.4864.write.1.tlog
C:\Users\fakelove\openFrameworks\win64\openFrameworks\addons\ofxKinectV2\example-Simple - jg\obj\Debug\CL.4872.read.1.tlog
C:\Users\fakelove\openFrameworks\win64\openFrameworks\addons\ofxKinectV2\example-Simple - jg\obj\Debug\CL.4872.write.1.tlog
C:\Users\fakelove\openFrameworks\win64\openFrameworks\addons\ofxKinectV2\example-Simple - jg\obj\Debug\CL.4880.read.1.tlog
C:\Users\fakelove\openFrameworks\win64\openFrameworks\addons\ofxKinectV2\example-Simple - jg\obj\Debug\CL.4880.write.1.tlog
C:\Users\fakelove\openFrameworks\win64\openFrameworks\addons\ofxKinectV2\example-Simple - jg\obj\Debug\CL.4904.read.1.tlog
C:\Users\fakelove\openFrameworks\win64\openFrameworks\addons\ofxKinectV2\example-Simple - jg\obj\Debug\CL.4904.write.1.tlog
C:\Users\fakelove\openFrameworks\win64\openFrameworks\addons\ofxKinectV2\example-Simple - jg\obj\Debug\CL.4928.read.1.tlog
C:\Users\fakelove\openFrameworks\win64\openFrameworks\addons\ofxKinectV2\example-Simple - jg\obj\Debug\CL.4928.write.1.tlog
C:\Users\fakelove\openFrameworks\win64\openFrameworks\addons\ofxKinectV2\example-Simple - jg\obj\Debug\CL.4956.read.1.tlog
C:\Users\fakelove\openFrameworks\win64\openFrameworks\addons\ofxKinectV2\example-Simple - jg\obj\Debug\CL.4956.write.1.tlog
C:\Users\fakelove\openFrameworks\win64\openFrameworks\addons\ofxKinectV2\example-Simple - jg\obj\Debug\CL.4992.read.1.tlog
C:\Users\fakelove\openFrameworks\win64\openFrameworks\addons\ofxKinectV2\example-Simple - jg\obj\Debug\CL.4992.write.1.tlog
C:\Users\fakelove\openFrameworks\win64\openFrameworks\addons\ofxKinectV2\example-Simple - jg\obj\Debug\CL.5020.read.1.tlog
C:\Users\fakelove\openFrameworks\win64\openFrameworks\addons\ofxKinectV2\example-Simple - jg\obj\Debug\CL.5020.write.1.tlog
C:\Users\fakelove\openFrameworks\win64\openFrameworks\addons\ofxKinectV2\example-Simple - jg\obj\Debug\CL.5024.read.1.tlog
C:\Users\fakelove\openFrameworks\win64\openFrameworks\addons\ofxKinectV2\example-Simple - jg\obj\Debug\CL.5024.write.1.tlog
C:\Users\fakelove\openFrameworks\win64\openFrameworks\addons\ofxKinectV2\example-Simple - jg\obj\Debug\CL.5028.read.1.tlog
C:\Users\fakelove\openFrameworks\win64\openFrameworks\addons\ofxKinectV2\example-Simple - jg\obj\Debug\CL.5028.write.1.tlog
C:\Users\fakelove\openFrameworks\win64\openFrameworks\addons\ofxKinectV2\example-Simple - jg\obj\Debug\CL.520.read.1.tlog
C:\Users\fakelove\openFrameworks\win64\openFrameworks\addons\ofxKinectV2\example-Simple - jg\obj\Debug\CL.520.write.1.tlog
C:\Users\fakelove\openFrameworks\win64\openFrameworks\addons\ofxKinectV2\example-Simple - jg\obj\Debug\CL.760.read.1.tlog
C:\Users\fakelove\openFrameworks\win64\openFrameworks\addons\ofxKinectV2\example-Simple - jg\obj\Debug\CL.760.write.1.tlog
C:\Users\fakelove\openFrameworks\win64\openFrameworks\addons\ofxKinectV2\example-Simple - jg\obj\Debug\CL.776.read.1.tlog
C:\Users\fakelove\openFrameworks\win64\openFrameworks\addons\ofxKinectV2\example-Simple - jg\obj\Debug\CL.776.write.1.tlog
C:\Users\fakelove\openFrameworks\win64\openFrameworks\addons\ofxKinectV2\example-Simple - jg\obj\Debug\CL.820.read.1.tlog
C:\Users\fakelove\openFrameworks\win64\openFrameworks\addons\ofxKinectV2\example-Simple - jg\obj\Debug\CL.820.write.1.tlog
C:\Users\fakelove\openFrameworks\win64\openFrameworks\addons\ofxKinectV2\example-Simple - jg\obj\Debug\CL.868.read.1.tlog
C:\Users\fakelove\openFrameworks\win64\openFrameworks\addons\ofxKinectV2\example-Simple - jg\obj\Debug\CL.868.write.1.tlog
C:\Users\fakelove\openFrameworks\win64\openFrameworks\addons\ofxKinectV2\example-Simple - jg\obj\Debug\cl.command.1.tlog
C:\Users\fakelove\openFrameworks\win64\openFrameworks\addons\ofxKinectV2\example-Simple - jg\obj\Debug\CL.read.1.tlog
C:\Users\fakelove\openFrameworks\win64\openFrameworks\addons\ofxKinectV2\example-Simple - jg\obj\Debug\CL.write.1.tlog
C:\Users\fakelove\openFrameworks\win64\openFrameworks\addons\ofxKinectV2\example-Simple - jg\obj\Debug\example-Simple.write.1.tlog
C:\Users\fakelove\openFrameworks\win64\openFrameworks\addons\ofxKinectV2\example-Simple - jg\obj\Debug\link-cvtres.read.1.tlog
C:\Users\fakelove\openFrameworks\win64\openFrameworks\addons\ofxKinectV2\example-Simple - jg\obj\Debug\link-cvtres.write.1.tlog
C:\Users\fakelove\openFrameworks\win64\openFrameworks\addons\ofxKinectV2\example-Simple - jg\obj\Debug\link-rc.read.1.tlog
C:\Users\fakelove\openFrameworks\win64\openFrameworks\addons\ofxKinectV2\example-Simple - jg\obj\Debug\link-rc.write.1.tlog
C:\Users\fakelove\openFrameworks\win64\openFrameworks\addons\ofxKinectV2\example-Simple - jg\obj\Debug\link.2104-cvtres.read.1.tlog
C:\Users\fakelove\openFrameworks\win64\openFrameworks\addons\ofxKinectV2\example-Simple - jg\obj\Debug\link.2104-cvtres.write.1.tlog
C:\Users\fakelove\openFrameworks\win64\openFrameworks\addons\ofxKinectV2\example-Simple - jg\obj\Debug\link.2104-rc.read.1.tlog
C:\Users\fakelove\openFrameworks\win64\openFrameworks\addons\ofxKinectV2\example-Simple - jg\obj\Debug\link.2104-rc.write.1.tlog
C:\Users\fakelove\openFrameworks\win64\openFrameworks\addons\ofxKinectV2\example-Simple - jg\obj\Debug\link.2104.read.1.tlog
C:\Users\fakelove\openFrameworks\win64\openFrameworks\addons\ofxKinectV2\example-Simple - jg\obj\Debug\link.2104.write.1.tlog
C:\Users\fakelove\openFrameworks\win64\openFrameworks\addons\ofxKinectV2\example-Simple - jg\obj\Debug\link.2612-cvtres.read.1.tlog
C:\Users\fakelove\openFrameworks\win64\openFrameworks\addons\ofxKinectV2\example-Simple - jg\obj\Debug\link.2612-cvtres.write.1.tlog
C:\Users\fakelove\openFrameworks\win64\openFrameworks\addons\ofxKinectV2\example-Simple - jg\obj\Debug\link.2612-rc.read.1.tlog
C:\Users\fakelove\openFrameworks\win64\openFrameworks\addons\ofxKinectV2\example-Simple - jg\obj\Debug\link.2612-rc.write.1.tlog
C:\Users\fakelove\openFrameworks\win64\openFrameworks\addons\ofxKinectV2\example-Simple - jg\obj\Debug\link.2612.read.1.tlog
C:\Users\fakelove\openFrameworks\win64\openFrameworks\addons\ofxKinectV2\example-Simple - jg\obj\Debug\link.2612.write.1.tlog
C:\Users\fakelove\openFrameworks\win64\openFrameworks\addons\ofxKinectV2\example-Simple - jg\obj\Debug\link.2968-cvtres.read.1.tlog
C:\Users\fakelove\openFrameworks\win64\openFrameworks\addons\ofxKinectV2\example-Simple - jg\obj\Debug\link.2968-cvtres.write.1.tlog
C:\Users\fakelove\openFrameworks\win64\openFrameworks\addons\ofxKinectV2\example-Simple - jg\obj\Debug\link.2968-rc.read.1.tlog
C:\Users\fakelove\openFrameworks\win64\openFrameworks\addons\ofxKinectV2\example-Simple - jg\obj\Debug\link.2968-rc.write.1.tlog
C:\Users\fakelove\openFrameworks\win64\openFrameworks\addons\ofxKinectV2\example-Simple - jg\obj\Debug\link.2968.read.1.tlog
C:\Users\fakelove\openFrameworks\win64\openFrameworks\addons\ofxKinectV2\example-Simple - jg\obj\Debug\link.2968.write.1.tlog
C:\Users\fakelove\openFrameworks\win64\openFrameworks\addons\ofxKinectV2\example-Simple - jg\obj\Debug\link.3420-cvtres.read.1.tlog
C:\Users\fakelove\openFrameworks\win64\openFrameworks\addons\ofxKinectV2\example-Simple - jg\obj\Debug\link.3420-cvtres.write.1.tlog
C:\Users\fakelove\openFrameworks\win64\openFrameworks\addons\ofxKinectV2\example-Simple - jg\obj\Debug\link.3420-rc.read.1.tlog
C:\Users\fakelove\openFrameworks\win64\openFrameworks\addons\ofxKinectV2\example-Simple - jg\obj\Debug\link.3420-rc.write.1.tlog
C:\Users\fakelove\openFrameworks\win64\openFrameworks\addons\ofxKinectV2\example-Simple - jg\obj\Debug\link.3420.read.1.tlog
C:\Users\fakelove\openFrameworks\win64\openFrameworks\addons\ofxKinectV2\example-Simple - jg\obj\Debug\link.3420.write.1.tlog
C:\Users\fakelove\openFrameworks\win64\openFrameworks\addons\ofxKinectV2\example-Simple - jg\obj\Debug\link.3612-cvtres.read.1.tlog
C:\Users\fakelove\openFrameworks\win64\openFrameworks\addons\ofxKinectV2\example-Simple - jg\obj\Debug\link.3612-cvtres.write.1.tlog
C:\Users\fakelove\openFrameworks\win64\openFrameworks\addons\ofxKinectV2\example-Simple - jg\obj\Debug\link.3612-rc.read.1.tlog
C:\Users\fakelove\openFrameworks\win64\openFrameworks\addons\ofxKinectV2\example-Simple - jg\obj\Debug\link.3612-rc.write.1.tlog
C:\Users\fakelove\openFrameworks\win64\openFrameworks\addons\ofxKinectV2\example-Simple - jg\obj\Debug\link.3612.read.1.tlog
C:\Users\fakelove\openFrameworks\win64\openFrameworks\addons\ofxKinectV2\example-Simple - jg\obj\Debug\link.3612.write.1.tlog
C:\Users\fakelove\openFrameworks\win64\openFrameworks\addons\ofxKinectV2\example-Simple - jg\obj\Debug\link.4124-cvtres.read.1.tlog
C:\Users\fakelove\openFrameworks\win64\openFrameworks\addons\ofxKinectV2\example-Simple - jg\obj\Debug\link.4124-cvtres.write.1.tlog
C:\Users\fakelove\openFrameworks\win64\openFrameworks\addons\ofxKinectV2\example-Simple - jg\obj\Debug\link.4124-rc.read.1.tlog
C:\Users\fakelove\openFrameworks\win64\openFrameworks\addons\ofxKinectV2\example-Simple - jg\obj\Debug\link.4124-rc.write.1.tlog
C:\Users\fakelove\openFrameworks\win64\openFrameworks\addons\ofxKinectV2\example-Simple - jg\obj\Debug\link.4124.read.1.tlog
C:\Users\fakelove\openFrameworks\win64\openFrameworks\addons\ofxKinectV2\example-Simple - jg\obj\Debug\link.4124.write.1.tlog
C:\Users\fakelove\openFrameworks\win64\openFrameworks\addons\ofxKinectV2\example-Simple - jg\obj\Debug\link.4312-cvtres.read.1.tlog
C:\Users\fakelove\openFrameworks\win64\openFrameworks\addons\ofxKinectV2\example-Simple - jg\obj\Debug\link.4312-cvtres.write.1.tlog
C:\Users\fakelove\openFrameworks\win64\openFrameworks\addons\ofxKinectV2\example-Simple - jg\obj\Debug\link.4312-rc.read.1.tlog
C:\Users\fakelove\openFrameworks\win64\openFrameworks\addons\ofxKinectV2\example-Simple - jg\obj\Debug\link.4312-rc.write.1.tlog
C:\Users\fakelove\openFrameworks\win64\openFrameworks\addons\ofxKinectV2\example-Simple - jg\obj\Debug\link.4312.read.1.tlog
C:\Users\fakelove\openFrameworks\win64\openFrameworks\addons\ofxKinectV2\example-Simple - jg\obj\Debug\link.4312.write.1.tlog
C:\Users\fakelove\openFrameworks\win64\openFrameworks\addons\ofxKinectV2\example-Simple - jg\obj\Debug\link.4800-cvtres.read.1.tlog
C:\Users\fakelove\openFrameworks\win64\openFrameworks\addons\ofxKinectV2\example-Simple - jg\obj\Debug\link.4800-cvtres.write.1.tlog
C:\Users\fakelove\openFrameworks\win64\openFrameworks\addons\ofxKinectV2\example-Simple - jg\obj\Debug\link.4800-rc.read.1.tlog
C:\Users\fakelove\openFrameworks\win64\openFrameworks\addons\ofxKinectV2\example-Simple - jg\obj\Debug\link.4800-rc.write.1.tlog
C:\Users\fakelove\openFrameworks\win64\openFrameworks\addons\ofxKinectV2\example-Simple - jg\obj\Debug\link.4800.read.1.tlog
C:\Users\fakelove\openFrameworks\win64\openFrameworks\addons\ofxKinectV2\example-Simple - jg\obj\Debug\link.4800.write.1.tlog
C:\Users\fakelove\openFrameworks\win64\openFrameworks\addons\ofxKinectV2\example-Simple - jg\obj\Debug\link.4980-cvtres.read.1.tlog
C:\Users\fakelove\openFrameworks\win64\openFrameworks\addons\ofxKinectV2\example-Simple - jg\obj\Debug\link.4980-cvtres.write.1.tlog
C:\Users\fakelove\openFrameworks\win64\openFrameworks\addons\ofxKinectV2\example-Simple - jg\obj\Debug\link.4980-rc.read.1.tlog
C:\Users\fakelove\openFrameworks\win64\openFrameworks\addons\ofxKinectV2\example-Simple - jg\obj\Debug\link.4980-rc.write.1.tlog
C:\Users\fakelove\openFrameworks\win64\openFrameworks\addons\ofxKinectV2\example-Simple - jg\obj\Debug\link.4980.read.1.tlog
C:\Users\fakelove\openFrameworks\win64\openFrameworks\addons\ofxKinectV2\example-Simple - jg\obj\Debug\link.4980.write.1.tlog
C:\Users\fakelove\openFrameworks\win64\openFrameworks\addons\ofxKinectV2\example-Simple - jg\obj\Debug\link.5068-cvtres.read.1.tlog
C:\Users\fakelove\openFrameworks\win64\openFrameworks\addons\ofxKinectV2\example-Simple - jg\obj\Debug\link.5068-cvtres.write.1.tlog
C:\Users\fakelove\openFrameworks\win64\openFrameworks\addons\ofxKinectV2\example-Simple - jg\obj\Debug\link.5068-rc.read.1.tlog
C:\Users\fakelove\openFrameworks\win64\openFrameworks\addons\ofxKinectV2\example-Simple - jg\obj\Debug\link.5068-rc.write.1.tlog
C:\Users\fakelove\openFrameworks\win64\openFrameworks\addons\ofxKinectV2\example-Simple - jg\obj\Debug\link.5068.read.1.tlog
C:\Users\fakelove\openFrameworks\win64\openFrameworks\addons\ofxKinectV2\example-Simple - jg\obj\Debug\link.5068.write.1.tlog
C:\Users\fakelove\openFrameworks\win64\openFrameworks\addons\ofxKinectV2\example-Simple - jg\obj\Debug\link.command.1.tlog
C:\Users\fakelove\openFrameworks\win64\openFrameworks\addons\ofxKinectV2\example-Simple - jg\obj\Debug\link.read.1.tlog
C:\Users\fakelove\openFrameworks\win64\openFrameworks\addons\ofxKinectV2\example-Simple - jg\obj\Debug\link.write.1.tlog
C:\Users\fakelove\openFrameworks\win64\openFrameworks\addons\ofxKinectV2\example-Simple - jg\obj\Debug\rc.command.1.tlog
C:\Users\fakelove\openFrameworks\win64\openFrameworks\addons\ofxKinectV2\example-Simple - jg\obj\Debug\rc.read.1.tlog
C:\Users\fakelove\openFrameworks\win64\openFrameworks\addons\ofxKinectV2\example-Simple - jg\obj\Debug\rc.write.1.tlog
C:\Users\fakelove\openFrameworks\win64\openFrameworks\addons\ofxKinectV2\example-Simple - jg\obj\Debug\icon.res
C:\Users\fakelove\openFrameworks\win64\openFrameworks\addons\ofxKinectV2\example-Simple - jg\obj\Debug\vc110.idb
C:\Users\fakelove\openFrameworks\win64\openFrameworks\addons\ofxKinectV2\example-Simple - jg\obj\Debug\vc110.pdb
C:\Users\fakelove\openFrameworks\win64\openFrameworks\addons\ofxKinectV2\example-Simple - jg\bin\example-Simple_debug.exe
