Build started 6/30/2014 7:20:35 PM.
     1>Project "C:\Users\fakelove\openFrameworks\win64\openFrameworks\addons\ofxKinectV2\example-Simple - jg\example-Simple.vcxproj" on node 2 (Build target(s)).
     1>ClCompile:
         C:\Program Files (x86)\Microsoft Visual Studio 11.0\VC\bin\CL.exe /c /I..\..\..\libs\openFrameworks /I..\..\..\libs\openFrameworks\graphics /I..\..\..\libs\openFrameworks\app /I..\..\..\libs\openFrameworks\sound /I..\..\..\libs\openFrameworks\utils /I..\..\..\libs\openFrameworks\communication /I..\..\..\libs\openFrameworks\video /I..\..\..\libs\openFrameworks\types /I..\..\..\libs\openFrameworks\math /I..\..\..\libs\openFrameworks\3d /I..\..\..\libs\openFrameworks\gl /I..\..\..\libs\openFrameworks\events /I..\..\..\libs\glut\include /I..\..\..\libs\rtAudio\include /I..\..\..\libs\quicktime\include /I..\..\..\libs\freetype\include /I..\..\..\libs\freetype\include\freetype2 /I..\..\..\libs\freeImage\include /I..\..\..\libs\fmodex\include /I..\..\..\libs\videoInput\include /I..\..\..\libs\glew\include /I..\..\..\libs\glu\include /I..\..\..\libs\tess2\include /I..\..\..\libs\cairo\include\cairo /I..\..\..\libs\poco\include /I..\..\..\libs\glfw\include /I..\..\..\libs\openssl\include /I..\..\..\addons /I..\..\..\addons\ofxKinectV2\src /I..\..\..\addons\ofxKinectV2\libs\KCBv2\include /I..\..\..\addons\ofxOsc\libs /I..\..\..\addons\ofxOsc\libs\oscpack /I..\..\..\addons\ofxOsc\libs\oscpack\src /I..\..\..\addons\ofxOsc\libs\oscpack\src\ip /I..\..\..\addons\ofxOsc\libs\oscpack\src\ip\posix /I..\..\..\addons\ofxOsc\libs\oscpack\src\ip\win32 /I..\..\..\addons\ofxOsc\libs\oscpack\src\osc /I..\..\..\addons\ofxOsc\src /I"C:\Program Files\Microsoft SDKs\Kinect\v2.0-DevPreview1404\inc" /I..\..\..\addons\ofxGui\src /Isrc /ZI /nologo /W3 /WX- /MP /Od /Oy- /D WIN32 /D _DEBUG /D _CONSOLE /D POCO_STATIC /D CAIRO_WIN32_STATIC_BUILD /D DISABLE_SOME_FLOATING_POINT /D _UNICODE /D UNICODE /Gm- /EHsc /RTC1 /MDd /GS /fp:precise /Zc:wchar_t /Zc:forScope /Fo"obj\Debug\\" /Fd"obj\Debug\vc110.pdb" /Gd /TP /analyze- /errorReport:prompt src\kinect2Osc.cpp
         kinect2Osc.cpp
       Link:
         C:\Program Files (x86)\Microsoft Visual Studio 11.0\VC\bin\link.exe /ERRORREPORT:PROMPT /OUT:"bin\example-Simple_debug.exe" /INCREMENTAL /NOLOGO /LIBPATH:..\..\..\addons\ofxKinectV2\libs\KCBv2\lib\x86 /LIBPATH:"C:\Program Files\Microsoft SDKs\Kinect\v2.0-DevPreview1404\lib\x86" /LIBPATH:..\..\..\libs\glut\lib\vs /LIBPATH:..\..\..\libs\glfw\lib\vs /LIBPATH:..\..\..\libs\rtAudio\lib\vs /LIBPATH:..\..\..\libs\FreeImage\lib\vs /LIBPATH:..\..\..\libs\freetype\lib\vs /LIBPATH:..\..\..\libs\quicktime\lib\vs /LIBPATH:..\..\..\libs\fmodex\lib\vs /LIBPATH:..\..\..\libs\videoInput\lib\vs /LIBPATH:..\..\..\libs\cairo\lib\vs /LIBPATH:..\..\..\libs\glew\lib\vs /LIBPATH:..\..\..\libs\glu\lib\vs /LIBPATH:..\..\..\libs\openssl\lib\vs /LIBPATH:..\..\..\libs\Poco\lib\vs /LIBPATH:..\..\..\libs\tess2\lib\vs "cairo-static.lib" "pixman-1.lib" msimg32.lib OpenGL32.lib GLu32.lib kernel32.lib setupapi.lib Vfw32.lib comctl32.lib glut32.lib rtAudioD.lib videoInputD.lib libfreetype.lib FreeImage.lib qtmlClient.lib dsound.lib user32.lib gdi32.lib winspool.lib comdlg32.lib advapi32.lib shell32.lib ole32.lib oleaut32.lib uuid.lib glew32s.lib fmodex_vc.lib glu32.lib ssleay32MD.lib libeay32MD.lib crypt32.lib PocoFoundationmdd.lib PocoNetmdd.lib PocoUtilmdd.lib PocoXMLmdd.lib Ws2_32.lib tess2.lib glfw3.lib kernel32.lib user32.lib gdi32.lib winspool.lib comdlg32.lib advapi32.lib shell32.lib ole32.lib oleaut32.lib uuid.lib odbc32.lib odbccp32.lib KCBv2.lib Kinect20.lib /NODEFAULTLIB:PocoFoundationmdd.lib /NODEFAULTLIB:atlthunk.lib /NODEFAULTLIB:msvcrt /NODEFAULTLIB:libcmt /NODEFAULTLIB:LIBC /NODEFAULTLIB:LIBCMTD /MANIFEST /MANIFESTUAC:"level='asInvoker' uiAccess='false'" /manifest:embed /DEBUG /PDB:"bin\example-Simple_debug.pdb" /SUBSYSTEM:CONSOLE /TLBID:1 /DYNAMICBASE:NO /NXCOMPAT /IMPLIB:"bin\example-Simple_debug.lib" /MACHINE:X86 /SAFESEH obj\Debug\icon.res
         obj\Debug\ofxBaseGui.obj
         obj\Debug\ofxButton.obj
         obj\Debug\ofxGuiGroup.obj
         obj\Debug\ofxLabel.obj
         obj\Debug\ofxPanel.obj
         obj\Debug\ofxSlider.obj
         obj\Debug\ofxSliderGroup.obj
         obj\Debug\ofxToggle.obj
         obj\Debug\IpEndpointName.obj
         obj\Debug\NetworkingUtils.obj
         obj\Debug\UdpSocket.obj
         obj\Debug\NetworkingUtilsWin.obj
         obj\Debug\UdpSocketWin.obj
         obj\Debug\OscOutboundPacketStream.obj
         obj\Debug\OscPrintReceivedElements.obj
         obj\Debug\OscReceivedElements.obj
         obj\Debug\OscTypes.obj
         obj\Debug\ofxOscBundle.obj
         obj\Debug\ofxOscMessage.obj
         obj\Debug\ofxOscParameterSync.obj
         obj\Debug\ofxOscReceiver.obj
         obj\Debug\ofxOscSender.obj
         obj\Debug\ofxKinectCommonBridge.obj
         obj\Debug\kinect2Osc.obj
         obj\Debug\main.obj
         obj\Debug\testApp.obj
         C:\Users\fakelove\openFrameworks\win64\openFrameworks\libs\openFrameworksCompiled\lib\vs\openframeworksLib_debug.lib
         example-Simple.vcxproj -> C:\Users\fakelove\openFrameworks\win64\openFrameworks\addons\ofxKinectV2\example-Simple - jg\bin\example-Simple_debug.exe
       PostBuildEvent:
         xcopy /e /i /y "C:\Users\fakelove\openFrameworks\win64\openFrameworks\addons\ofxKinectV2\example-Simple - jg\..\..\..\export\vs\*.dll" "C:\Users\fakelove\openFrameworks\win64\openFrameworks\addons\ofxKinectV2\example-Simple - jg\bin"
         xcopy /e /i /y "C:\Users\fakelove\openFrameworks\win64\openFrameworks\addons\ofxKinectV2\example-Simple - jg\..\..\..\addons\ofxKinectV2\libs\KCBv2\lib\x86\*.dll" "C:\Users\fakelove\openFrameworks\win64\openFrameworks\addons\ofxKinectV2\example-Simple - jg\bin"
         
         :VCEnd
         C:\Users\fakelove\openFrameworks\win64\openFrameworks\addons\ofxKinectV2\example-Simple - jg\..\..\..\export\vs\Assimp32.dll
         C:\Users\fakelove\openFrameworks\win64\openFrameworks\addons\ofxKinectV2\example-Simple - jg\..\..\..\export\vs\fmodex.dll
         C:\Users\fakelove\openFrameworks\win64\openFrameworks\addons\ofxKinectV2\example-Simple - jg\..\..\..\export\vs\fmodexL.dll
         C:\Users\fakelove\openFrameworks\win64\openFrameworks\addons\ofxKinectV2\example-Simple - jg\..\..\..\export\vs\FreeImage.dll
         C:\Users\fakelove\openFrameworks\win64\openFrameworks\addons\ofxKinectV2\example-Simple - jg\..\..\..\export\vs\FreeType-6.dll
         C:\Users\fakelove\openFrameworks\win64\openFrameworks\addons\ofxKinectV2\example-Simple - jg\..\..\..\export\vs\glut32.dll
         C:\Users\fakelove\openFrameworks\win64\openFrameworks\addons\ofxKinectV2\example-Simple - jg\..\..\..\export\vs\libeay32.dll
         C:\Users\fakelove\openFrameworks\win64\openFrameworks\addons\ofxKinectV2\example-Simple - jg\..\..\..\export\vs\ssleay32.dll
         C:\Users\fakelove\openFrameworks\win64\openFrameworks\addons\ofxKinectV2\example-Simple - jg\..\..\..\export\vs\Zlib.dll
         9 File(s) copied
         C:\Users\fakelove\openFrameworks\win64\openFrameworks\addons\ofxKinectV2\example-Simple - jg\..\..\..\addons\ofxKinectV2\libs\KCBv2\lib\x86\KCBv2.dll
         C:\Users\fakelove\openFrameworks\win64\openFrameworks\addons\ofxKinectV2\example-Simple - jg\..\..\..\addons\ofxKinectV2\libs\KCBv2\lib\x86\Debug\KCBv2.dll
         2 File(s) copied
     1>Done Building Project "C:\Users\fakelove\openFrameworks\win64\openFrameworks\addons\ofxKinectV2\example-Simple - jg\example-Simple.vcxproj" (Build target(s)).

Build succeeded.

Time Elapsed 00:00:03.13
