Build started 6/17/2014 7:18:11 PM.
     1>Project "C:\Users\quinkennedy\Documents\myRepos\openFrameworks_0.8.0_64\addons\ofxKinectV2\example-Simple\example-Simple.vcxproj" on node 2 (Build target(s)).
     1>ClCompile:
         C:\Program Files (x86)\Microsoft Visual Studio 11.0\VC\bin\x86_amd64\CL.exe /c /Isrc /I..\..\..\addons\ofxKinectV2\src /I..\..\..\addons\ofxKinectV2\libs\KCBv2\include /I"C:\Program Files\Microsoft SDKs\Kinect\v2.0-DevPreview1404\inc" /I..\..\..\libs\openFrameworks /I..\..\..\libs\openFrameworks\graphics /I..\..\..\libs\openFrameworks\app /I..\..\..\libs\openFrameworks\sound /I..\..\..\libs\openFrameworks\utils /I..\..\..\libs\openFrameworks\communication /I..\..\..\libs\openFrameworks\video /I..\..\..\libs\openFrameworks\types /I..\..\..\libs\openFrameworks\math /I..\..\..\libs\openFrameworks\3d /I..\..\..\libs\openFrameworks\gl /I..\..\..\libs\openFrameworks\events /I..\..\..\libs\glut\include /I..\..\..\libs\rtAudio\include /I..\..\..\libs\quicktime\include /I..\..\..\libs\freetype\include /I..\..\..\libs\freetype\include\freetype2 /I..\..\..\libs\freeImage\include /I..\..\..\libs\fmodex\include /I..\..\..\libs\videoInput\include /I..\..\..\libs\glew\include\ /I..\..\..\libs\glu\include /I..\..\..\libs\tess2\include /I..\..\..\libs\cairo\include\cairo /I..\..\..\libs\poco\include /I..\..\..\libs\glfw\include /I..\..\..\libs\openssl\include /I..\..\..\addons /Zi /nologo /W3 /WX- /MP /Od /D WIN32 /D _DEBUG /D _CONSOLE /D POCO_STATIC /D CAIRO_WIN32_STATIC_BUILD /D DISABLE_SOME_FLOATING_POINT /D _UNICODE /D UNICODE /Gm- /EHsc /RTC1 /MDd /GS /fp:precise /Zc:wchar_t /Zc:forScope /Fo"x64\Debug\\" /Fd"x64\Debug\vc110.pdb" /Gd /TP /errorReport:prompt ..\src\ofxKinectCommonBridge.cpp src\main.cpp src\testApp.cpp
         ofxKinectCommonBridge.cpp
         main.cpp
         testApp.cpp
     1>C:\Users\quinkennedy\Documents\myRepos\openFrameworks_0.8.0_64\libs\poco\include\Poco/StreamConverter.h(126): warning C4250: 'Poco::InputStreamConverter' : inherits 'std::basic_istream<_Elem,_Traits>::std::basic_istream<_Elem,_Traits>::_Add_vtordisp1' via dominance
                 with
                 [
                     _Elem=char,
                     _Traits=std::char_traits<char>
                 ] (src\testApp.cpp)
                 C:\Program Files (x86)\Microsoft Visual Studio 11.0\VC\include\istream(74) : see declaration of 'std::basic_istream<_Elem,_Traits>::_Add_vtordisp1'
                 with
                 [
                     _Elem=char,
                     _Traits=std::char_traits<char>
                 ]
     1>C:\Users\quinkennedy\Documents\myRepos\openFrameworks_0.8.0_64\libs\poco\include\Poco/StreamConverter.h(144): warning C4250: 'Poco::OutputStreamConverter' : inherits 'std::basic_ostream<_Elem,_Traits>::std::basic_ostream<_Elem,_Traits>::_Add_vtordisp2' via dominance
                 with
                 [
                     _Elem=char,
                     _Traits=std::char_traits<char>
                 ] (src\testApp.cpp)
                 C:\Program Files (x86)\Microsoft Visual Studio 11.0\VC\include\ostream(90) : see declaration of 'std::basic_ostream<_Elem,_Traits>::_Add_vtordisp2'
                 with
                 [
                     _Elem=char,
                     _Traits=std::char_traits<char>
                 ]
     1>C:\Users\quinkennedy\Documents\myRepos\openFrameworks_0.8.0_64\libs\poco\include\Poco/StreamConverter.h(126): warning C4250: 'Poco::InputStreamConverter' : inherits 'std::basic_istream<_Elem,_Traits>::std::basic_istream<_Elem,_Traits>::_Add_vtordisp1' via dominance
                 with
                 [
                     _Elem=char,
                     _Traits=std::char_traits<char>
                 ] (..\src\ofxKinectCommonBridge.cpp)
                 C:\Program Files (x86)\Microsoft Visual Studio 11.0\VC\include\istream(74) : see declaration of 'std::basic_istream<_Elem,_Traits>::_Add_vtordisp1'
                 with
                 [
                     _Elem=char,
                     _Traits=std::char_traits<char>
                 ]
     1>C:\Users\quinkennedy\Documents\myRepos\openFrameworks_0.8.0_64\libs\poco\include\Poco/StreamConverter.h(144): warning C4250: 'Poco::OutputStreamConverter' : inherits 'std::basic_ostream<_Elem,_Traits>::std::basic_ostream<_Elem,_Traits>::_Add_vtordisp2' via dominance
                 with
                 [
                     _Elem=char,
                     _Traits=std::char_traits<char>
                 ] (..\src\ofxKinectCommonBridge.cpp)
                 C:\Program Files (x86)\Microsoft Visual Studio 11.0\VC\include\ostream(90) : see declaration of 'std::basic_ostream<_Elem,_Traits>::_Add_vtordisp2'
                 with
                 [
                     _Elem=char,
                     _Traits=std::char_traits<char>
                 ]
     1>C:\Users\quinkennedy\Documents\myRepos\openFrameworks_0.8.0_64\libs\poco\include\Poco/StreamConverter.h(126): warning C4250: 'Poco::InputStreamConverter' : inherits 'std::basic_istream<_Elem,_Traits>::std::basic_istream<_Elem,_Traits>::_Add_vtordisp1' via dominance
                 with
                 [
                     _Elem=char,
                     _Traits=std::char_traits<char>
                 ] (src\main.cpp)
                 C:\Program Files (x86)\Microsoft Visual Studio 11.0\VC\include\istream(74) : see declaration of 'std::basic_istream<_Elem,_Traits>::_Add_vtordisp1'
                 with
                 [
                     _Elem=char,
                     _Traits=std::char_traits<char>
                 ]
     1>C:\Users\quinkennedy\Documents\myRepos\openFrameworks_0.8.0_64\libs\poco\include\Poco/StreamConverter.h(144): warning C4250: 'Poco::OutputStreamConverter' : inherits 'std::basic_ostream<_Elem,_Traits>::std::basic_ostream<_Elem,_Traits>::_Add_vtordisp2' via dominance
                 with
                 [
                     _Elem=char,
                     _Traits=std::char_traits<char>
                 ] (src\main.cpp)
                 C:\Program Files (x86)\Microsoft Visual Studio 11.0\VC\include\ostream(90) : see declaration of 'std::basic_ostream<_Elem,_Traits>::_Add_vtordisp2'
                 with
                 [
                     _Elem=char,
                     _Traits=std::char_traits<char>
                 ]
       ResourceCompile:
         C:\Program Files (x86)\Windows Kits\8.0\bin\x86\rc.exe /D _UNICODE /D UNICODE /l"0x0409" /nologo /fo"x64\Debug\icon.res" /D_DEBUG  icon.rc 
       Link:
         C:\Program Files (x86)\Microsoft Visual Studio 11.0\VC\bin\x86_amd64\link.exe /ERRORREPORT:PROMPT /OUT:"C:\Users\quinkennedy\Documents\myRepos\openFrameworks_0.8.0_64\addons\ofxKinectV2\example-Simple\bin\example-Simple_debug.exe" /INCREMENTAL /NOLOGO /LIBPATH:..\..\..\addons\ofxKinectV2\libs\KCBv2\lib\x86 /LIBPATH:"C:\Program Files\Microsoft SDKs\Kinect\v2.0-DevPreview1404\lib\x86" /LIBPATH:..\..\..\libs\glut\lib\vs /LIBPATH:..\..\..\libs\glfw\lib\vs /LIBPATH:..\..\..\libs\rtAudio\lib\vs /LIBPATH:..\..\..\libs\FreeImage\lib\vs /LIBPATH:..\..\..\libs\freetype\lib\vs /LIBPATH:..\..\..\libs\quicktime\lib\vs /LIBPATH:..\..\..\libs\fmodex\lib\vs /LIBPATH:..\..\..\libs\videoInput\lib\vs /LIBPATH:..\..\..\libs\cairo\lib\vs /LIBPATH:..\..\..\libs\glew\lib\vs /LIBPATH:..\..\..\libs\glu\lib\vs /LIBPATH:..\..\..\libs\openssl\lib\vs /LIBPATH:..\..\..\libs\Poco\lib\vs /LIBPATH:..\..\..\libs\tess2\lib\vs "cairo-static.lib" "pixman-1.lib" msimg32.lib OpenGL32.lib GLu32.lib kernel32.lib setupapi.lib Vfw32.lib comctl32.lib glut32.lib rtAudioD.lib videoInputD.lib libfreetype.lib FreeImage.lib qtmlClient.lib dsound.lib user32.lib gdi32.lib winspool.lib comdlg32.lib advapi32.lib shell32.lib ole32.lib oleaut32.lib uuid.lib glew32s.lib fmodex_vc.lib glu32.lib ssleay32MD.lib libeay32MD.lib crypt32.lib PocoFoundationmdd.lib PocoNetmdd.lib PocoUtilmdd.lib PocoXMLmdd.lib Ws2_32.lib tess2.lib glfw3.lib kernel32.lib user32.lib gdi32.lib winspool.lib comdlg32.lib advapi32.lib shell32.lib ole32.lib oleaut32.lib uuid.lib odbc32.lib odbccp32.lib KCBv2.lib Kinect20.lib /NODEFAULTLIB:PocoFoundationmdd.lib /NODEFAULTLIB:atlthunk.lib /NODEFAULTLIB:msvcrt /NODEFAULTLIB:libcmt /NODEFAULTLIB:LIBC /NODEFAULTLIB:LIBCMTD /MANIFEST /MANIFESTUAC:"level='asInvoker' uiAccess='false'" /manifest:embed /DEBUG /PDB:"C:\Users\quinkennedy\Documents\myRepos\openFrameworks_0.8.0_64\addons\ofxKinectV2\example-Simple\bin\example-Simple_debug.pdb" /SUBSYSTEM:CONSOLE /TLBID:1 /DYNAMICBASE:NO /NXCOMPAT /IMPLIB:"C:\Users\quinkennedy\Documents\myRepos\openFrameworks_0.8.0_64\addons\ofxKinectV2\example-Simple\bin\example-Simple_debug.lib" /MACHINE:X64 x64\Debug\icon.res
         x64\Debug\ofxKinectCommonBridge.obj
         x64\Debug\main.obj
         x64\Debug\testApp.obj
         C:\Users\quinkennedy\Documents\myRepos\openFrameworks_0.8.0_64\libs\openFrameworksCompiled\lib\vs64\openframeworksLib_debug.lib
     1>LINK : fatal error LNK1104: cannot open file 'freeglut.lib'
     1>Done Building Project "C:\Users\quinkennedy\Documents\myRepos\openFrameworks_0.8.0_64\addons\ofxKinectV2\example-Simple\example-Simple.vcxproj" (Build target(s)) -- FAILED.

Build FAILED.

Time Elapsed 00:00:06.37
